{"level":"info","message":"Request received on /api/shopping/get-all-service/656b8afa9f3a2d134bee939e with method GET"}
{"level":"info","message":"Request received on /api/shopping/get-all-service/656b8afa9f3a2d134bee939e with method GET"}
{"level":"info","message":"Request received on /api/shopping/cart-details with method GET"}
{"level":"info","message":"Request received on /api/content/get-banners?heroBanners=true&page=home-sale-banners&section=web-homepage with method GET"}
{"level":"info","message":"Request received on /api/shopping/get-products-by-categoryId/656b8abe9f3a2d134bee9396 with method GET"}
{"level":"info","message":"Request received on /api/shopping/get-products-by-categoryId/656b8ad29f3a2d134bee9398 with method GET"}
{"level":"info","message":"Request received on /api/content/get-seo-by-page-user-side?page=home-page with method GET"}
{"level":"info","message":"Request received on /api/shopping/get-products-by-categoryId/656b8b0a9f3a2d134bee93a0 with method GET"}
{"level":"info","message":"Request received on /api/shopping/get-products-by-categoryId/656b8af29f3a2d134bee939c with method GET"}
{"level":"info","message":"Request received on /api/shopping/cart-details with method GET"}
{"level":"info","message":"Request received on /api/content/get-seo-by-page-user-side?page=home-page with method GET"}
{"level":"info","message":"Request received on /api/shopping/cart-details with method GET"}
{"level":"info","message":"Request received on /api/shopping/cart-details with method GET"}
{"level":"info","message":"Request received on /api/shopping/get-products-by-categoryId/656b8abe9f3a2d134bee9396 with method GET"}
{"level":"info","message":"Request received on /api/shopping/get-products-by-categoryId/656b8af29f3a2d134bee939c with method GET"}
{"level":"info","message":"Request received on /api/shopping/get-products-by-categoryId/656b8b0a9f3a2d134bee93a0 with method GET"}
{"level":"info","message":"Request received on /api/shopping/cart-details with method GET"}
{"level":"info","message":"Request received on /api/shopping/cart-details with method GET"}
{"level":"info","message":"Request received on /api/shopping/get-products-by-categoryId/656b8ad29f3a2d134bee9398 with method GET"}
{"level":"info","message":"Request received on /api/shopping/cart-details with method GET"}
{"level":"info","message":"Request received on /api/content/get-banners?heroBanners=true&page=home-sale-banners&section=web-homepage with method GET"}
{"level":"info","message":"Request received on /api/shopping/cart-details with method GET"}
{"level":"info","message":"Request received on /api/shopping/cart-details with method GET"}
{"level":"info","message":"Request received on /api/content/get-banners?heroBanners=true&page=home-sale-banners&section=web-homepage with method GET"}
{"level":"info","message":"Request received on /api/shopping/get-products-by-categoryId/656b8abe9f3a2d134bee9396 with method GET"}
{"level":"info","message":"Request received on /api/shopping/get-products-by-categoryId/656b8ad29f3a2d134bee9398 with method GET"}
{"level":"info","message":"Request received on /api/shopping/get-products-by-categoryId/656b8b0a9f3a2d134bee93a0 with method GET"}
{"level":"info","message":"Request received on /api/shopping/get-products-by-categoryId/656b8af29f3a2d134bee939c with method GET"}
{"level":"info","message":"Request received on /api/content/get-seo-by-page-user-side?page=home-page with method GET"}
{"level":"info","message":"Request received on /api/shopping/cart-details with method GET"}
{"level":"info","message":"Request received on /api/content/get-seo-by-page-user-side?page=home-page with method GET"}
{"level":"info","message":"Request received on /api/shopping/cart-details with method GET"}
{"level":"info","message":"Request received on /api/shopping/cart-details with method GET"}
{"level":"info","message":"Request received on /api/shopping/get-products-by-categoryId/656b8abe9f3a2d134bee9396 with method GET"}
{"level":"info","message":"Request received on /api/shopping/get-products-by-categoryId/656b8b0a9f3a2d134bee93a0 with method GET"}
{"level":"info","message":"Request received on /api/shopping/cart-details with method GET"}
{"level":"info","message":"Request received on /api/shopping/get-products-by-categoryId/656b8ad29f3a2d134bee9398 with method GET"}
{"level":"info","message":"Request received on /api/shopping/cart-details with method GET"}
{"level":"info","message":"Request received on /api/shopping/cart-details with method GET"}
{"level":"info","message":"Request received on /api/shopping/cart-details with method GET"}
{"level":"info","message":"Request received on /api/content/get-banners?heroBanners=true&page=home-sale-banners&section=web-homepage with method GET"}
{"level":"info","message":"Request received on /api/shopping/get-products-by-categoryId/656b8af29f3a2d134bee939c with method GET"}
{"level":"info","message":"Request received on /api/shopping/cart-details with method GET"}
{"level":"info","message":"Request received on /api/content/get-banners?heroBanners=true&page=home-sale-banners&section=web-homepage with method GET"}
{"level":"info","message":"Request received on /api/shopping/get-products-by-categoryId/656b8abe9f3a2d134bee9396 with method GET"}
{"level":"info","message":"Request received on /api/shopping/get-products-by-categoryId/656b8ad29f3a2d134bee9398 with method GET"}
{"level":"info","message":"Request received on /api/shopping/get-products-by-categoryId/656b8af29f3a2d134bee939c with method GET"}
{"level":"info","message":"Request received on /api/content/get-seo-by-page-user-side?page=home-page with method GET"}
{"level":"info","message":"Request received on /api/shopping/get-products-by-categoryId/656b8b0a9f3a2d134bee93a0 with method GET"}
{"level":"info","message":"Request received on /api/shopping/cart-details with method GET"}
{"level":"info","message":"Request received on /api/content/get-seo-by-page-user-side?page=home-page with method GET"}
{"level":"info","message":"Request received on /api/shopping/cart-details with method GET"}
{"level":"info","message":"Request received on /api/shopping/cart-details with method GET"}
{"level":"info","message":"Request received on /api/shopping/get-products-by-categoryId/656b8abe9f3a2d134bee9396 with method GET"}
{"level":"info","message":"Request received on /api/shopping/get-products-by-categoryId/656b8af29f3a2d134bee939c with method GET"}
{"level":"info","message":"Request received on /api/shopping/get-products-by-categoryId/656b8b0a9f3a2d134bee93a0 with method GET"}
{"level":"info","message":"Request received on /api/shopping/cart-details with method GET"}
{"level":"info","message":"Request received on /api/shopping/cart-details with method GET"}
{"level":"info","message":"Request received on /api/shopping/cart-details with method GET"}
{"level":"info","message":"Request received on /api/content/get-banners?heroBanners=true&page=home-sale-banners&section=web-homepage with method GET"}
{"level":"info","message":"Request received on /api/shopping/cart-details with method GET"}
{"level":"info","message":"Request received on /api/shopping/get-products-by-categoryId/656b8ad29f3a2d134bee9398 with method GET"}
{"level":"info","message":"Request received on /api/shopping/cart-details with method GET"}
{"level":"info","message":"Request received on /api/content/get-banners?heroBanners=true&page=home-sale-banners&section=web-homepage with method GET"}
{"level":"info","message":"Request received on /api/shopping/get-products-by-categoryId/656b8abe9f3a2d134bee9396 with method GET"}
{"level":"info","message":"Request received on /api/shopping/get-products-by-categoryId/656b8ad29f3a2d134bee9398 with method GET"}
{"level":"info","message":"Request received on /api/shopping/get-products-by-categoryId/656b8b0a9f3a2d134bee93a0 with method GET"}
{"level":"info","message":"Request received on /api/content/get-seo-by-page-user-side?page=home-page with method GET"}
{"level":"info","message":"Request received on /api/shopping/get-products-by-categoryId/656b8af29f3a2d134bee939c with method GET"}
{"level":"info","message":"Request received on /api/shopping/cart-details with method GET"}
{"level":"info","message":"Request received on /api/content/get-seo-by-page-user-side?page=home-page with method GET"}
{"level":"info","message":"Request received on /api/shopping/cart-details with method GET"}
{"level":"info","message":"Request received on /api/shopping/cart-details with method GET"}
{"level":"info","message":"Request received on /api/shopping/get-products-by-categoryId/656b8abe9f3a2d134bee9396 with method GET"}
{"level":"info","message":"Request received on /api/shopping/get-products-by-categoryId/656b8ad29f3a2d134bee9398 with method GET"}
{"level":"info","message":"Request received on /api/shopping/get-products-by-categoryId/656b8b0a9f3a2d134bee93a0 with method GET"}
{"level":"info","message":"Request received on /api/content/get-banners?heroBanners=true&page=home-sale-banners&section=web-homepage with method GET"}
{"level":"info","message":"Request received on /api/shopping/get-products-by-categoryId/656b8af29f3a2d134bee939c with method GET"}
{"level":"info","message":"Request received on /api/shopping/cart-details with method GET"}
{"level":"info","message":"Request received on /api/shopping/cart-details with method GET"}
{"level":"info","message":"Request received on /api/shopping/cart-details with method GET"}
{"level":"info","message":"Request received on /api/shopping/cart-details with method GET"}
{"level":"info","message":"Request received on /api/shopping/cart-details with method GET"}
{"level":"info","message":"Request received on /api/content/get-banners?heroBanners=true&page=home-sale-banners&section=web-homepage with method GET"}
{"level":"info","message":"Request received on /api/shopping/get-products-by-categoryId/656b8abe9f3a2d134bee9396 with method GET"}
{"level":"info","message":"Request received on /api/shopping/get-products-by-categoryId/656b8ad29f3a2d134bee9398 with method GET"}
{"level":"info","message":"Request received on /api/shopping/get-products-by-categoryId/656b8b0a9f3a2d134bee93a0 with method GET"}
{"level":"info","message":"Request received on /api/shopping/get-products-by-categoryId/656b8af29f3a2d134bee939c with method GET"}
{"level":"info","message":"Request received on /api/content/get-seo-by-page-user-side?page=home-page with method GET"}
{"level":"info","message":"Request received on /api/shopping/cart-details with method GET"}
{"level":"info","message":"Request received on /api/content/get-seo-by-page-user-side?page=home-page with method GET"}
{"level":"info","message":"Request received on /api/shopping/cart-details with method GET"}
{"level":"info","message":"Request received on /api/shopping/cart-details with method GET"}
{"level":"info","message":"Request received on /api/shopping/get-products-by-categoryId/656b8abe9f3a2d134bee9396 with method GET"}
{"level":"info","message":"Request received on /api/shopping/get-products-by-categoryId/656b8b0a9f3a2d134bee93a0 with method GET"}
{"level":"info","message":"Request received on /api/shopping/get-products-by-categoryId/656b8ad29f3a2d134bee9398 with method GET"}
{"level":"info","message":"Request received on /api/content/get-banners?heroBanners=true&page=home-sale-banners&section=web-homepage with method GET"}
{"level":"info","message":"Request received on /api/shopping/get-products-by-categoryId/656b8af29f3a2d134bee939c with method GET"}
{"level":"info","message":"Request received on /api/shopping/cart-details with method GET"}
{"level":"info","message":"Request received on /api/shopping/cart-details with method GET"}
{"level":"info","message":"Request received on /api/shopping/cart-details with method GET"}
{"level":"info","message":"Request received on /api/shopping/cart-details with method GET"}
{"level":"info","message":"Request received on /api/shopping/cart-details with method GET"}
{"level":"info","message":"Request received on /api/content/get-banners?heroBanners=true&page=home-sale-banners&section=web-homepage with method GET"}
{"level":"info","message":"Request received on /api/shopping/get-products-by-categoryId/656b8abe9f3a2d134bee9396 with method GET"}
{"level":"info","message":"Request received on /api/content/get-seo-by-page-user-side?page=home-page with method GET"}
{"level":"info","message":"Request received on /api/shopping/get-products-by-categoryId/656b8ad29f3a2d134bee9398 with method GET"}
{"level":"info","message":"Request received on /api/shopping/get-products-by-categoryId/656b8b0a9f3a2d134bee93a0 with method GET"}
{"level":"info","message":"Request received on /api/shopping/get-products-by-categoryId/656b8af29f3a2d134bee939c with method GET"}
{"level":"info","message":"Request received on /api/shopping/cart-details with method GET"}
{"level":"info","message":"Request received on /api/content/get-seo-by-page-user-side?page=home-page with method GET"}
{"level":"info","message":"Request received on /api/shopping/cart-details with method GET"}
{"level":"info","message":"Request received on /api/shopping/cart-details with method GET"}
{"level":"info","message":"Request received on /api/shopping/get-products-by-categoryId/656b8abe9f3a2d134bee9396 with method GET"}
{"level":"info","message":"Request received on /api/shopping/get-products-by-categoryId/656b8af29f3a2d134bee939c with method GET"}
{"level":"info","message":"Request received on /api/shopping/cart-details with method GET"}
{"level":"info","message":"Request received on /api/shopping/get-products-by-categoryId/656b8b0a9f3a2d134bee93a0 with method GET"}
{"level":"info","message":"Request received on /api/shopping/cart-details with method GET"}
{"level":"info","message":"Request received on /api/shopping/get-products-by-categoryId/656b8ad29f3a2d134bee9398 with method GET"}
{"level":"info","message":"Request received on /api/shopping/cart-details with method GET"}
{"level":"info","message":"Request received on /api/shopping/cart-details with method GET"}
{"level":"info","message":"Request received on /api/content/get-banners?heroBanners=true&page=home-sale-banners&section=web-homepage with method GET"}
{"level":"info","message":"Request received on /api/shopping/cart-details with method GET"}
{"level":"info","message":"Request received on /api/content/get-banners?heroBanners=true&page=home-sale-banners&section=web-homepage with method GET"}
{"level":"info","message":"Request received on /api/shopping/get-products-by-categoryId/656b8abe9f3a2d134bee9396 with method GET"}
{"level":"info","message":"Request received on /api/shopping/get-products-by-categoryId/656b8ad29f3a2d134bee9398 with method GET"}
{"level":"info","message":"Request received on /api/shopping/get-products-by-categoryId/656b8b0a9f3a2d134bee93a0 with method GET"}
{"level":"info","message":"Request received on /api/shopping/get-products-by-categoryId/656b8af29f3a2d134bee939c with method GET"}
{"level":"info","message":"Request received on /api/content/get-seo-by-page-user-side?page=home-page with method GET"}
{"level":"info","message":"Request received on /api/shopping/cart-details with method GET"}
{"level":"info","message":"Request received on /api/content/get-seo-by-page-user-side?page=home-page with method GET"}
{"level":"info","message":"Request received on /api/shopping/cart-details with method GET"}
{"level":"info","message":"Request received on /api/shopping/cart-details with method GET"}
{"level":"info","message":"Request received on /api/shopping/get-products-by-categoryId/656b8b0a9f3a2d134bee93a0 with method GET"}
{"level":"info","message":"Request received on /api/shopping/get-products-by-categoryId/656b8af29f3a2d134bee939c with method GET"}
{"level":"info","message":"Request received on /api/shopping/get-products-by-categoryId/656b8abe9f3a2d134bee9396 with method GET"}
{"level":"info","message":"Request received on /api/shopping/get-products-by-categoryId/656b8ad29f3a2d134bee9398 with method GET"}
{"level":"info","message":"Request received on /api/content/get-banners?heroBanners=true&page=home-sale-banners&section=web-homepage with method GET"}
{"level":"info","message":"Request received on /api/shopping/cart-details with method GET"}
{"level":"info","message":"Request received on /api/content/get-banners?heroBanners=true&page=home-sale-banners&section=web-homepage with method GET"}
{"level":"info","message":"Request received on /api/shopping/get-products-by-categoryId/656b8abe9f3a2d134bee9396 with method GET"}
{"level":"info","message":"Request received on /api/shopping/get-products-by-categoryId/656b8ad29f3a2d134bee9398 with method GET"}
{"level":"info","message":"Request received on /api/content/get-seo-by-page-user-side?page=home-page with method GET"}
{"level":"info","message":"Request received on /api/shopping/get-products-by-categoryId/656b8b0a9f3a2d134bee93a0 with method GET"}
{"level":"info","message":"Request received on /api/shopping/get-products-by-categoryId/656b8af29f3a2d134bee939c with method GET"}
{"level":"info","message":"Request received on /api/shopping/cart-details with method GET"}
{"level":"info","message":"Request received on /api/content/get-seo-by-page-user-side?page=home-page with method GET"}
{"level":"info","message":"Request received on /api/shopping/cart-details with method GET"}
{"level":"info","message":"Request received on /api/shopping/cart-details with method GET"}
{"level":"info","message":"Request received on /api/shopping/get-products-by-categoryId/656b8abe9f3a2d134bee9396 with method GET"}
{"level":"info","message":"Request received on /api/shopping/get-products-by-categoryId/656b8b0a9f3a2d134bee93a0 with method GET"}
{"level":"info","message":"Request received on /api/shopping/get-products-by-categoryId/656b8ad29f3a2d134bee9398 with method GET"}
{"level":"info","message":"Request received on /api/shopping/get-products-by-categoryId/656b8af29f3a2d134bee939c with method GET"}
{"level":"info","message":"Request received on /api/shopping/cart-details with method GET"}
{"level":"info","message":"Request received on /api/shopping/cart-details with method GET"}
{"level":"info","message":"Request received on /api/shopping/cart-details with method GET"}
{"level":"info","message":"Request received on /api/shopping/cart-details with method GET"}
{"level":"info","message":"Request received on /api/content/get-banners?heroBanners=true&page=home-sale-banners&section=web-homepage with method GET"}
{"level":"info","message":"Request received on /api/shopping/cart-details with method GET"}
{"level":"info","message":"Request received on /api/content/get-banners?heroBanners=true&page=home-sale-banners&section=web-homepage with method GET"}
{"level":"info","message":"Request received on /api/shopping/get-products-by-categoryId/656b8abe9f3a2d134bee9396 with method GET"}
{"level":"info","message":"Request received on /api/shopping/get-products-by-categoryId/656b8ad29f3a2d134bee9398 with method GET"}
{"level":"info","message":"Request received on /api/shopping/get-products-by-categoryId/656b8b0a9f3a2d134bee93a0 with method GET"}
{"level":"info","message":"Request received on /api/content/get-seo-by-page-user-side?page=home-page with method GET"}
{"level":"info","message":"Request received on /api/shopping/get-products-by-categoryId/656b8af29f3a2d134bee939c with method GET"}
{"level":"info","message":"Request received on /api/shopping/cart-details with method GET"}
{"level":"info","message":"Request received on /api/content/get-seo-by-page-user-side?page=home-page with method GET"}
{"level":"info","message":"Request received on /api/shopping/cart-details with method GET"}
{"level":"info","message":"Request received on /api/shopping/cart-details with method GET"}
{"level":"info","message":"Request received on /api/shopping/get-products-by-categoryId/656b8ad29f3a2d134bee9398 with method GET"}
{"level":"info","message":"Request received on /api/shopping/get-products-by-categoryId/656b8af29f3a2d134bee939c with method GET"}
{"level":"info","message":"Request received on /api/shopping/get-products-by-categoryId/656b8b0a9f3a2d134bee93a0 with method GET"}
{"level":"info","message":"Request received on /api/shopping/cart-details with method GET"}
{"level":"info","message":"Request received on /api/shopping/cart-details with method GET"}
{"level":"info","message":"Request received on /api/shopping/cart-details with method GET"}
{"level":"info","message":"Request received on /api/shopping/get-products-by-categoryId/656b8abe9f3a2d134bee9396 with method GET"}
{"level":"info","message":"Request received on /api/shopping/cart-details with method GET"}
{"level":"info","message":"Request received on /api/content/get-banners?heroBanners=true&page=home-sale-banners&section=web-homepage with method GET"}
{"level":"info","message":"Request received on /api/shopping/cart-details with method GET"}
{"level":"info","message":"Request received on /api/content/get-banners?heroBanners=true&page=home-sale-banners&section=web-homepage with method GET"}
{"level":"info","message":"Request received on /api/shopping/get-products-by-categoryId/656b8abe9f3a2d134bee9396 with method GET"}
{"level":"info","message":"Request received on /api/shopping/get-products-by-categoryId/656b8ad29f3a2d134bee9398 with method GET"}
{"level":"info","message":"Request received on /api/shopping/get-products-by-categoryId/656b8b0a9f3a2d134bee93a0 with method GET"}
{"level":"info","message":"Request received on /api/shopping/get-products-by-categoryId/656b8af29f3a2d134bee939c with method GET"}
{"level":"info","message":"Request received on /api/content/get-seo-by-page-user-side?page=home-page with method GET"}
{"level":"info","message":"Request received on /api/shopping/cart-details with method GET"}
{"level":"info","message":"Request received on /api/content/get-banners?heroBanners=true&page=home-sale-banners&section=web-homepage with method GET"}
{"level":"info","message":"Request received on /api/shopping/get-products-by-categoryId/656b8abe9f3a2d134bee9396 with method GET"}
{"level":"info","message":"Request received on /api/shopping/get-products-by-categoryId/656b8ad29f3a2d134bee9398 with method GET"}
{"level":"info","message":"Request received on /api/content/get-seo-by-page-user-side?page=home-page with method GET"}
{"level":"info","message":"Request received on /api/shopping/get-products-by-categoryId/656b8b0a9f3a2d134bee93a0 with method GET"}
{"level":"info","message":"Request received on /api/shopping/get-products-by-categoryId/656b8af29f3a2d134bee939c with method GET"}
{"level":"info","message":"Request received on /api/shopping/cart-details with method GET"}
{"level":"info","message":"Request received on /api/content/get-banners?heroBanners=true&page=home-sale-banners&section=web-homepage with method GET"}
{"level":"info","message":"Request received on /api/content/get-seo-by-page-user-side?page=home-page with method GET"}
{"level":"info","message":"Request received on /api/shopping/get-products-by-categoryId/656b8abe9f3a2d134bee9396 with method GET"}
{"level":"info","message":"Request received on /api/shopping/get-products-by-categoryId/656b8ad29f3a2d134bee9398 with method GET"}
{"level":"info","message":"Request received on /api/shopping/get-products-by-categoryId/656b8b0a9f3a2d134bee93a0 with method GET"}
{"level":"info","message":"Request received on /api/shopping/get-products-by-categoryId/656b8af29f3a2d134bee939c with method GET"}
{"level":"info","message":"Request received on /api/shopping/cart-details with method GET"}
{"level":"info","message":"Request received on /api/shopping/get-products-by-categoryId/656b8abe9f3a2d134bee9396 with method GET"}
{"level":"info","message":"Request received on /api/shopping/cart-details with method GET"}
{"level":"info","message":"Request received on /api/content/get-banners?heroBanners=true&page=home-sale-banners&section=web-homepage with method GET"}
{"level":"info","message":"Request received on /api/shopping/get-products-by-categoryId/656b8abe9f3a2d134bee9396 with method GET"}
{"level":"info","message":"Request received on /api/content/get-seo-by-page-user-side?page=home-page with method GET"}
{"level":"info","message":"Request received on /api/shopping/get-products-by-categoryId/656b8ad29f3a2d134bee9398 with method GET"}
{"level":"info","message":"Request received on /api/shopping/get-products-by-categoryId/656b8af29f3a2d134bee939c with method GET"}
{"level":"info","message":"Request received on /api/shopping/get-products-by-categoryId/656b8b0a9f3a2d134bee93a0 with method GET"}
{"level":"info","message":"Request received on /api/shopping/cart-details with method GET"}
{"level":"info","message":"Request received on /api/content/get-seo-by-page-user-side?page=home-page with method GET"}
{"level":"info","message":"Request received on /api/shopping/cart-details with method GET"}
{"level":"info","message":"Request received on /api/shopping/cart-details with method GET"}
{"level":"info","message":"Request received on /api/shopping/get-products-by-categoryId/656b8abe9f3a2d134bee9396 with method GET"}
{"level":"info","message":"Request received on /api/shopping/get-products-by-categoryId/656b8af29f3a2d134bee939c with method GET"}
{"level":"info","message":"Request received on /api/shopping/get-products-by-categoryId/656b8ad29f3a2d134bee9398 with method GET"}
{"level":"info","message":"Request received on /api/shopping/get-products-by-categoryId/656b8b0a9f3a2d134bee93a0 with method GET"}
{"level":"info","message":"Request received on /api/shopping/cart-details with method GET"}
{"level":"info","message":"Request received on /api/shopping/cart-details with method GET"}
{"level":"info","message":"Request received on /api/shopping/cart-details with method GET"}
{"level":"info","message":"Request received on /api/shopping/cart-details with method GET"}
{"level":"info","message":"Request received on /api/content/get-banners?heroBanners=true&page=home-sale-banners&section=web-homepage with method GET"}
{"level":"info","message":"Request received on /api/shopping/cart-details with method GET"}
{"level":"info","message":"Request received on /api/content/get-banners?heroBanners=true&page=home-sale-banners&section=web-homepage with method GET"}
{"level":"info","message":"Request received on /api/shopping/get-products-by-categoryId/656b8abe9f3a2d134bee9396 with method GET"}
{"level":"info","message":"Request received on /api/shopping/get-products-by-categoryId/656b8ad29f3a2d134bee9398 with method GET"}
{"level":"info","message":"Request received on /api/shopping/get-products-by-categoryId/656b8b0a9f3a2d134bee93a0 with method GET"}
{"level":"info","message":"Request received on /api/shopping/get-products-by-categoryId/656b8af29f3a2d134bee939c with method GET"}
{"level":"info","message":"Request received on /api/content/get-seo-by-page-user-side?page=home-page with method GET"}
{"level":"info","message":"Request received on /api/shopping/cart-details with method GET"}
{"level":"info","message":"Request received on /api/content/get-seo-by-page-user-side?page=home-page with method GET"}
{"level":"info","message":"Request received on /api/shopping/cart-details with method GET"}
{"level":"info","message":"Request received on /api/shopping/cart-details with method GET"}
{"level":"info","message":"Request received on /api/shopping/get-products-by-categoryId/656b8b0a9f3a2d134bee93a0 with method GET"}
{"level":"info","message":"Request received on /api/shopping/get-products-by-categoryId/656b8abe9f3a2d134bee9396 with method GET"}
{"level":"info","message":"Request received on /api/shopping/get-products-by-categoryId/656b8ad29f3a2d134bee9398 with method GET"}
{"level":"info","message":"Request received on /api/shopping/get-products-by-categoryId/656b8af29f3a2d134bee939c with method GET"}
{"level":"info","message":"Request received on /api/shopping/cart-details with method GET"}
{"level":"info","message":"Request received on /api/shopping/cart-details with method GET"}
{"level":"info","message":"Request received on /api/shopping/cart-details with method GET"}
{"level":"info","message":"Request received on /api/shopping/cart-details with method GET"}
{"level":"info","message":"Request received on /api/content/get-banners?heroBanners=true&page=home-sale-banners&section=web-homepage with method GET"}
{"level":"info","message":"Request received on /api/shopping/cart-details with method GET"}
{"level":"info","message":"Request received on /api/content/get-banners?heroBanners=true&page=home-sale-banners&section=web-homepage with method GET"}
{"level":"info","message":"Request received on /api/shopping/get-products-by-categoryId/656b8abe9f3a2d134bee9396 with method GET"}
{"level":"info","message":"Request received on /api/shopping/get-products-by-categoryId/656b8ad29f3a2d134bee9398 with method GET"}
{"level":"info","message":"Request received on /api/shopping/get-products-by-categoryId/656b8b0a9f3a2d134bee93a0 with method GET"}
{"level":"info","message":"Request received on /api/content/get-seo-by-page-user-side?page=home-page with method GET"}
{"level":"info","message":"Request received on /api/shopping/get-products-by-categoryId/656b8af29f3a2d134bee939c with method GET"}
{"level":"info","message":"Request received on /api/shopping/cart-details with method GET"}
{"level":"info","message":"Request received on /api/content/get-seo-by-page-user-side?page=home-page with method GET"}
{"level":"info","message":"Request received on /api/shopping/cart-details with method GET"}
{"level":"info","message":"Request received on /api/shopping/cart-details with method GET"}
{"level":"info","message":"Request received on /api/shopping/get-products-by-categoryId/656b8abe9f3a2d134bee9396 with method GET"}
{"level":"info","message":"Request received on /api/shopping/get-products-by-categoryId/656b8ad29f3a2d134bee9398 with method GET"}
{"level":"info","message":"Request received on /api/shopping/get-products-by-categoryId/656b8b0a9f3a2d134bee93a0 with method GET"}
{"level":"info","message":"Request received on /api/shopping/get-products-by-categoryId/656b8af29f3a2d134bee939c with method GET"}
{"level":"info","message":"Request received on /api/shopping/cart-details with method GET"}
{"level":"info","message":"Request received on /api/shopping/cart-details with method GET"}
{"level":"info","message":"Request received on /api/shopping/cart-details with method GET"}
{"level":"info","message":"Request received on /api/shopping/cart-details with method GET"}
{"level":"info","message":"Request received on /api/content/get-banners?heroBanners=true&page=home-sale-banners&section=web-homepage with method GET"}
{"level":"info","message":"Request received on /api/shopping/cart-details with method GET"}
{"level":"info","message":"Request received on /api/content/get-banners?heroBanners=true&page=home-sale-banners&section=web-homepage with method GET"}
{"level":"info","message":"Request received on /api/shopping/get-products-by-categoryId/656b8abe9f3a2d134bee9396 with method GET"}
{"level":"info","message":"Request received on /api/shopping/get-products-by-categoryId/656b8ad29f3a2d134bee9398 with method GET"}
{"level":"info","message":"Request received on /api/shopping/get-products-by-categoryId/656b8b0a9f3a2d134bee93a0 with method GET"}
{"level":"info","message":"Request received on /api/shopping/get-products-by-categoryId/656b8af29f3a2d134bee939c with method GET"}
{"level":"info","message":"Request received on /api/content/get-seo-by-page-user-side?page=home-page with method GET"}
{"level":"info","message":"Request received on /api/shopping/cart-details with method GET"}
{"level":"info","message":"Request received on /api/content/get-seo-by-page-user-side?page=home-page with method GET"}
{"level":"info","message":"Request received on /api/shopping/cart-details with method GET"}
{"level":"info","message":"Request received on /api/shopping/cart-details with method GET"}
{"level":"info","message":"Request received on /api/shopping/get-products-by-categoryId/656b8b0a9f3a2d134bee93a0 with method GET"}
{"level":"info","message":"Request received on /api/shopping/get-products-by-categoryId/656b8abe9f3a2d134bee9396 with method GET"}
{"level":"info","message":"Request received on /api/shopping/get-products-by-categoryId/656b8ad29f3a2d134bee9398 with method GET"}
{"level":"info","message":"Request received on /api/shopping/get-products-by-categoryId/656b8af29f3a2d134bee939c with method GET"}
{"level":"info","message":"Request received on /api/shopping/cart-details with method GET"}
{"level":"info","message":"Request received on /api/shopping/cart-details with method GET"}
{"level":"info","message":"Request received on /api/shopping/cart-details with method GET"}
{"level":"info","message":"Request received on /api/shopping/cart-details with method GET"}
{"level":"info","message":"Request received on /api/content/get-banners?heroBanners=true&page=home-sale-banners&section=web-homepage with method GET"}
{"level":"info","message":"Request received on /api/shopping/cart-details with method GET"}
{"level":"info","message":"Request received on /api/content/get-banners?heroBanners=true&page=home-sale-banners&section=web-homepage with method GET"}
{"level":"info","message":"Request received on /api/shopping/get-products-by-categoryId/656b8abe9f3a2d134bee9396 with method GET"}
{"level":"info","message":"Request received on /api/shopping/get-products-by-categoryId/656b8ad29f3a2d134bee9398 with method GET"}
{"level":"info","message":"Request received on /api/shopping/get-products-by-categoryId/656b8b0a9f3a2d134bee93a0 with method GET"}
{"level":"info","message":"Request received on /api/shopping/get-products-by-categoryId/656b8af29f3a2d134bee939c with method GET"}
{"level":"info","message":"Request received on /api/content/get-seo-by-page-user-side?page=home-page with method GET"}
{"level":"info","message":"Request received on /api/shopping/cart-details with method GET"}
{"level":"info","message":"Request received on /api/content/get-seo-by-page-user-side?page=home-page with method GET"}
{"level":"info","message":"Request received on /api/shopping/cart-details with method GET"}
{"level":"info","message":"Request received on /api/shopping/cart-details with method GET"}
{"level":"info","message":"Request received on /api/shopping/get-products-by-categoryId/656b8b0a9f3a2d134bee93a0 with method GET"}
{"level":"info","message":"Request received on /api/shopping/get-products-by-categoryId/656b8ad29f3a2d134bee9398 with method GET"}
{"level":"info","message":"Request received on /api/shopping/get-products-by-categoryId/656b8abe9f3a2d134bee9396 with method GET"}
{"level":"info","message":"Request received on /api/shopping/get-products-by-categoryId/656b8af29f3a2d134bee939c with method GET"}
{"level":"info","message":"Request received on /api/shopping/cart-details with method GET"}
{"level":"info","message":"Request received on /api/content/get-banners?heroBanners=true&page=home-sale-banners&section=web-homepage with method GET"}
{"level":"info","message":"Request received on /api/shopping/cart-details with method GET"}
{"level":"info","message":"Request received on /api/shopping/cart-details with method GET"}
{"level":"info","message":"Request received on /api/shopping/cart-details with method GET"}
{"level":"info","message":"Request received on /api/shopping/cart-details with method GET"}
{"level":"info","message":"Request received on /api/content/get-banners?heroBanners=true&page=home-sale-banners&section=web-homepage with method GET"}
{"level":"info","message":"Request received on /api/shopping/get-products-by-categoryId/656b8abe9f3a2d134bee9396 with method GET"}
{"level":"info","message":"Request received on /api/shopping/get-products-by-categoryId/656b8ad29f3a2d134bee9398 with method GET"}
{"level":"info","message":"Request received on /api/shopping/get-products-by-categoryId/656b8b0a9f3a2d134bee93a0 with method GET"}
{"level":"info","message":"Request received on /api/shopping/get-products-by-categoryId/656b8af29f3a2d134bee939c with method GET"}
{"level":"info","message":"Request received on /api/content/get-seo-by-page-user-side?page=home-page with method GET"}
{"level":"info","message":"Request received on /api/shopping/cart-details with method GET"}
{"level":"info","message":"Request received on /api/content/get-seo-by-page-user-side?page=home-page with method GET"}
{"level":"info","message":"Request received on /api/shopping/cart-details with method GET"}
{"level":"info","message":"Request received on /api/shopping/cart-details with method GET"}
{"level":"info","message":"Request received on /api/shopping/get-products-by-categoryId/656b8ad29f3a2d134bee9398 with method GET"}
{"level":"info","message":"Request received on /api/shopping/get-products-by-categoryId/656b8b0a9f3a2d134bee93a0 with method GET"}
{"level":"info","message":"Request received on /api/shopping/get-products-by-categoryId/656b8abe9f3a2d134bee9396 with method GET"}
{"level":"info","message":"Request received on /api/shopping/get-products-by-categoryId/656b8af29f3a2d134bee939c with method GET"}
{"level":"info","message":"Request received on /api/shopping/cart-details with method GET"}
{"level":"info","message":"Request received on /api/shopping/cart-details with method GET"}
{"level":"info","message":"Request received on /api/shopping/cart-details with method GET"}
{"level":"info","message":"Request received on /api/shopping/cart-details with method GET"}
{"level":"info","message":"Request received on /api/content/get-banners?heroBanners=true&page=home-sale-banners&section=web-homepage with method GET"}
{"level":"info","message":"Request received on /api/shopping/cart-details with method GET"}
{"level":"info","message":"Request received on /api/shopping/cart-details with method GET"}
{"level":"info","message":"Request received on /api/shopping/cart-details with method GET"}
{"level":"info","message":"Request received on /api/shopping/cart-details with method GET"}
{"level":"info","message":"Request received on /api/shopping/cart-details with method GET"}
{"level":"info","message":"Request received on /api/shopping/cart-details with method GET"}
{"level":"info","message":"Request received on /api/shopping/cart-details with method GET"}
{"level":"info","message":"Request received on /api/shopping/cart-details with method GET"}
{"level":"info","message":"Request received on /api/shopping/logout-user with method GET"}
{"level":"info","message":"Request received on /api/admin/login-Admin with method POST"}
{"level":"info","message":"Request received on /api/shopping/logout-user with method GET"}
{"level":"info","message":"Request received on /api/admin/login-Admin with method POST"}
{"level":"info","message":"Request received on /api/shopping/logout-user with method GET"}
{"level":"info","message":"Request received on /api/admin/login-Admin with method POST"}
{"level":"info","message":"Request received on /api/admin/check-token-expiration with method GET"}
{"level":"info","message":"Request received on /api/admin/get-recent-orders with method GET"}
{"level":"info","message":"Request received on /api/admin/check-token-expiration with method GET"}
{"level":"info","message":"Request received on /api/admin/get-recent-orders with method GET"}
{"level":"info","message":"Request received on /api/shopping/cart-details with method GET"}
{"level":"info","message":"Request received on /api/content/get-banners?heroBanners=true&page=home-sale-banners&section=web-homepage with method GET"}
{"level":"info","message":"Request received on /api/shopping/get-products-by-categoryId/656b8abe9f3a2d134bee9396 with method GET"}
{"level":"info","message":"Request received on /api/shopping/get-products-by-categoryId/656b8ad29f3a2d134bee9398 with method GET"}
{"level":"info","message":"Request received on /api/shopping/get-products-by-categoryId/656b8b0a9f3a2d134bee93a0 with method GET"}
{"level":"info","message":"Request received on /api/content/get-seo-by-page-user-side?page=home-page with method GET"}
{"level":"info","message":"Request received on /api/shopping/get-products-by-categoryId/656b8af29f3a2d134bee939c with method GET"}
{"level":"info","message":"Request received on /api/shopping/cart-details with method GET"}
{"level":"info","message":"Request received on /api/content/get-seo-by-page-user-side?page=home-page with method GET"}
{"level":"info","message":"Request received on /api/shopping/cart-details with method GET"}
{"level":"info","message":"Request received on /api/shopping/cart-details with method GET"}
{"level":"info","message":"Request received on /api/shopping/get-products-by-categoryId/656b8abe9f3a2d134bee9396 with method GET"}
{"level":"info","message":"Request received on /api/shopping/get-products-by-categoryId/656b8b0a9f3a2d134bee93a0 with method GET"}
{"level":"info","message":"Request received on /api/shopping/get-products-by-categoryId/656b8ad29f3a2d134bee9398 with method GET"}
{"level":"info","message":"Request received on /api/shopping/get-products-by-categoryId/656b8af29f3a2d134bee939c with method GET"}
{"level":"info","message":"Request received on /api/shopping/cart-details with method GET"}
{"level":"info","message":"Request received on /api/shopping/cart-details with method GET"}
{"level":"info","message":"Request received on /api/shopping/cart-details with method GET"}
{"level":"info","message":"Request received on /api/shopping/cart-details with method GET"}
{"level":"info","message":"Request received on /api/content/get-banners?heroBanners=true&page=home-sale-banners&section=web-homepage with method GET"}
{"level":"info","message":"Request received on /api/shopping/cart-details with method GET"}
{"level":"info","message":"Request received on /api/content/get-banners?heroBanners=true&page=home-sale-banners&section=web-homepage with method GET"}
{"level":"info","message":"Request received on /api/shopping/get-products-by-categoryId/656b8abe9f3a2d134bee9396 with method GET"}
{"level":"info","message":"Request received on /api/shopping/get-products-by-categoryId/656b8ad29f3a2d134bee9398 with method GET"}
{"level":"info","message":"Request received on /api/shopping/get-products-by-categoryId/656b8af29f3a2d134bee939c with method GET"}
{"level":"info","message":"Request received on /api/shopping/get-products-by-categoryId/656b8b0a9f3a2d134bee93a0 with method GET"}
{"level":"info","message":"Request received on /api/content/get-seo-by-page-user-side?page=home-page with method GET"}
{"level":"info","message":"Request received on /api/shopping/cart-details with method GET"}
{"level":"info","message":"Request received on /api/content/get-seo-by-page-user-side?page=home-page with method GET"}
{"level":"info","message":"Request received on /api/shopping/cart-details with method GET"}
{"level":"info","message":"Request received on /api/shopping/cart-details with method GET"}
{"level":"info","message":"Request received on /api/shopping/get-products-by-categoryId/656b8ad29f3a2d134bee9398 with method GET"}
{"level":"info","message":"Request received on /api/shopping/get-products-by-categoryId/656b8abe9f3a2d134bee9396 with method GET"}
{"level":"info","message":"Request received on /api/shopping/get-products-by-categoryId/656b8af29f3a2d134bee939c with method GET"}
{"level":"info","message":"Request received on /api/shopping/get-products-by-categoryId/656b8b0a9f3a2d134bee93a0 with method GET"}
{"level":"info","message":"Request received on /api/shopping/cart-details with method GET"}
{"level":"info","message":"Request received on /api/shopping/cart-details with method GET"}
{"level":"info","message":"Request received on /api/shopping/cart-details with method GET"}
{"level":"info","message":"Request received on /api/shopping/cart-details with method GET"}
{"level":"info","message":"Request received on /api/content/get-banners?heroBanners=true&page=home-sale-banners&section=web-homepage with method GET"}
{"level":"info","message":"Request received on /api/shopping/get-all-service/656b8ad29f3a2d134bee9398 with method GET"}
{"level":"info","message":"Request received on /api/shopping/get-all-service/656b8ad29f3a2d134bee9398 with method GET"}
{"level":"info","message":"Request received on /api/shopping/get-all-product/656bf8685840ef11ad814f9e with method GET"}
{"level":"info","message":"Request received on /api/shopping/get-service-package/656bf8685840ef11ad814f9e with method GET"}
{"level":"info","message":"Request received on /api/content/get-seo/656bf8685840ef11ad814f9e with method GET"}
{"level":"info","message":"Request received on /api/shopping/cart-details with method GET"}
{"level":"info","message":"Request received on /api/shopping/get-service-package/656bf8685840ef11ad814f9e with method GET"}
{"level":"info","message":"Request received on /api/shopping/cart-details with method GET"}
{"level":"info","message":"Request received on /api/shopping/get-all-product/656bf8685840ef11ad814f9e with method GET"}
{"level":"info","message":"Request received on /api/shopping/cart-details with method GET"}
{"level":"info","message":"Request received on /api/content/get-seo/656bf8685840ef11ad814f9e with method GET"}
{"level":"info","message":"Request received on /api/shopping/cart-details with method GET"}
{"level":"info","message":"Request received on /api/shopping/cart-details with method GET"}
{"level":"info","message":"Request received on /api/shopping/cart-details with method GET"}
{"level":"info","message":"Request received on /api/shopping/cart-details with method GET"}
{"level":"info","message":"Request received on /api/shopping/cart-details with method GET"}
{"level":"info","message":"Request received on /api/shopping/cart-details with method GET"}
{"level":"info","message":"Request received on /api/shopping/cart-details with method GET"}
{"level":"info","message":"Request received on /api/shopping/cart-details with method GET"}
{"level":"info","message":"Request received on /api/shopping/cart-details with method GET"}
{"level":"info","message":"Request received on /api/shopping/get-product-review/657ae4f6ef5ef02b8a2614b1?type=product with method GET"}
{"level":"info","message":"Request received on /api/shopping/get-product-review/657ae4f6ef5ef02b8a2614b1?type=product with method GET"}
{"level":"info","message":"Request received on /api/shopping/add-product-review/657ae4f6ef5ef02b8a2614b1 with method POST"}
{"level":"info","message":"Request received on /api/shopping/generate-otp with method POST"}
{"level":"info","message":"Request received on /api/shopping/verify-otp with method POST"}
{"level":"info","message":"Request received on /api/shopping/cart-details with method GET"}
{"level":"info","message":"Request received on /api/shopping/get-product-review/657ae4f6ef5ef02b8a2614b1?type=product with method GET"}
{"level":"info","message":"Request received on /api/shopping/get-product-review/657ae4f6ef5ef02b8a2614b1?type=product with method GET"}
{"level":"info","message":"Request received on /api/shopping/add-product-review/657ae4f6ef5ef02b8a2614b1 with method POST"}
{"level":"info","message":"Request received on /api/shopping/remove-cart-item/657b06bcc0199622f87da807 with method POST"}
{"level":"info","message":"Request received on /api/shopping/cart-details with method GET"}
{"level":"info","message":"Request received on /api/shopping/add-item-cart with method POST"}
{"level":"info","message":"Request received on /api/shopping/cart-details with method GET"}
{"level":"info","message":"Request received on /api/shopping/cart-details with method GET"}
{"level":"info","message":"Request received on /api/shopping/get-user-address with method GET"}
{"level":"info","message":"Request received on /api/shopping/get-user-address with method GET"}
{"level":"info","message":"Request received on /api/shopping/cart-details with method GET"}
{"level":"info","message":"Request received on /api/shopping/place-cod-order with method POST"}
{"level":"info","message":"Request received on /api/content/get-banners?heroBanners=true&page=home-sale-banners&section=web-homepage with method GET"}
{"level":"info","message":"Request received on /api/shopping/get-products-by-categoryId/656b8abe9f3a2d134bee9396 with method GET"}
{"level":"info","message":"Request received on /api/shopping/get-products-by-categoryId/656b8ad29f3a2d134bee9398 with method GET"}
{"level":"info","message":"Request received on /api/content/get-seo-by-page-user-side?page=home-page with method GET"}
{"level":"info","message":"Request received on /api/shopping/get-products-by-categoryId/656b8b0a9f3a2d134bee93a0 with method GET"}
{"level":"info","message":"Request received on /api/shopping/get-products-by-categoryId/656b8af29f3a2d134bee939c with method GET"}
{"level":"info","message":"Request received on /api/content/get-seo-by-page-user-side?page=home-page with method GET"}
{"level":"info","message":"Request received on /api/shopping/get-products-by-categoryId/656b8abe9f3a2d134bee9396 with method GET"}
{"level":"info","message":"Request received on /api/shopping/get-products-by-categoryId/656b8ad29f3a2d134bee9398 with method GET"}
{"level":"info","message":"Request received on /api/shopping/get-products-by-categoryId/656b8af29f3a2d134bee939c with method GET"}
{"level":"info","message":"Request received on /api/shopping/get-products-by-categoryId/656b8b0a9f3a2d134bee93a0 with method GET"}
{"level":"info","message":"Request received on /api/content/get-banners?heroBanners=true&page=home-sale-banners&section=web-homepage with method GET"}
{"level":"info","message":"Request received on /api/shopping/get-all-service/656b8ad29f3a2d134bee9398 with method GET"}
{"level":"info","message":"Request received on /api/shopping/get-all-service/656b8ad29f3a2d134bee9398 with method GET"}
{"level":"info","message":"Request received on /api/shopping/get-all-product/656bf8685840ef11ad814f9e with method GET"}
{"level":"info","message":"Request received on /api/shopping/get-service-package/656bf8685840ef11ad814f9e with method GET"}
{"level":"info","message":"Request received on /api/content/get-seo/656bf8685840ef11ad814f9e with method GET"}
{"level":"info","message":"Request received on /api/shopping/cart-details with method GET"}
{"level":"info","message":"Request received on /api/shopping/get-service-package/656bf8685840ef11ad814f9e with method GET"}
{"level":"info","message":"Request received on /api/content/get-seo/656bf8685840ef11ad814f9e with method GET"}
{"level":"info","message":"Request received on /api/shopping/get-all-product/656bf8685840ef11ad814f9e with method GET"}
{"level":"info","message":"Request received on /api/shopping/cart-details with method GET"}
{"level":"info","message":"Request received on /api/shopping/cart-details with method GET"}
{"level":"info","message":"Request received on /api/shopping/cart-details with method GET"}
{"level":"info","message":"Request received on /api/shopping/get-product-review/657ae4f6ef5ef02b8a2614b1?type=product with method GET"}
{"level":"info","message":"Request received on /api/shopping/cart-details with method GET"}
{"level":"info","message":"Request received on /api/shopping/get-product-review/657ae4f6ef5ef02b8a2614b1?type=product with method GET"}
{"level":"info","message":"Request received on /api/shopping/cart-details with method GET"}
{"level":"info","message":"Request received on /api/shopping/cart-details with method GET"}
{"level":"info","message":"Request received on /api/shopping/cart-details with method GET"}
{"level":"info","message":"Request received on /api/shopping/cart-details with method GET"}
{"level":"info","message":"Request received on /api/shopping/cart-details with method GET"}
{"level":"info","message":"Request received on /api/shopping/cart-details with method GET"}
{"level":"info","message":"Request received on /api/shopping/cart-details with method GET"}
{"level":"info","message":"Request received on /api/shopping/add-product-review/657ae4f6ef5ef02b8a2614b1 with method POST"}
{"level":"info","message":"Request received on /api/shopping/get-product-review/657ae4f6ef5ef02b8a2614b1?type=product with method GET"}
{"level":"info","message":"Request received on /api/content/get-banners?heroBanners=true&page=home-sale-banners&section=web-homepage with method GET"}
{"level":"info","message":"Request received on /api/shopping/get-products-by-categoryId/656b8abe9f3a2d134bee9396 with method GET"}
{"level":"info","message":"Request received on /api/shopping/get-products-by-categoryId/656b8ad29f3a2d134bee9398 with method GET"}
{"level":"info","message":"Request received on /api/shopping/get-products-by-categoryId/656b8b0a9f3a2d134bee93a0 with method GET"}
{"level":"info","message":"Request received on /api/shopping/get-products-by-categoryId/656b8af29f3a2d134bee939c with method GET"}
{"level":"info","message":"Request received on /api/content/get-seo-by-page-user-side?page=home-page with method GET"}
{"level":"info","message":"Request received on /api/content/get-seo-by-page-user-side?page=home-page with method GET"}
{"level":"info","message":"Request received on /api/shopping/get-products-by-categoryId/656b8ad29f3a2d134bee9398 with method GET"}
{"level":"info","message":"Request received on /api/shopping/get-products-by-categoryId/656b8abe9f3a2d134bee9396 with method GET"}
{"level":"info","message":"Request received on /api/shopping/get-products-by-categoryId/656b8af29f3a2d134bee939c with method GET"}
{"level":"info","message":"Request received on /api/shopping/get-products-by-categoryId/656b8b0a9f3a2d134bee93a0 with method GET"}
{"level":"info","message":"Request received on /api/content/get-banners?heroBanners=true&page=home-sale-banners&section=web-homepage with method GET"}
{"level":"info","message":"Request received on /api/shopping/cart-details with method GET"}
{"level":"info","message":"Request received on /api/content/get-banners?heroBanners=true&page=home-sale-banners&section=web-homepage with method GET"}
{"level":"info","message":"Request received on /api/shopping/get-products-by-categoryId/656b8abe9f3a2d134bee9396 with method GET"}
{"level":"info","message":"Request received on /api/content/get-seo-by-page-user-side?page=home-page with method GET"}
{"level":"info","message":"Request received on /api/shopping/get-products-by-categoryId/656b8ad29f3a2d134bee9398 with method GET"}
{"level":"info","message":"Request received on /api/shopping/get-products-by-categoryId/656b8b0a9f3a2d134bee93a0 with method GET"}
{"level":"info","message":"Request received on /api/shopping/get-products-by-categoryId/656b8af29f3a2d134bee939c with method GET"}
{"level":"info","message":"Request received on /api/content/get-seo-by-page-user-side?page=home-page with method GET"}
{"level":"info","message":"Request received on /api/shopping/cart-details with method GET"}
{"level":"info","message":"Request received on /api/shopping/get-products-by-categoryId/656b8abe9f3a2d134bee9396 with method GET"}
{"level":"info","message":"Request received on /api/shopping/get-products-by-categoryId/656b8af29f3a2d134bee939c with method GET"}
{"level":"info","message":"Request received on /api/shopping/get-products-by-categoryId/656b8ad29f3a2d134bee9398 with method GET"}
{"level":"info","message":"Request received on /api/shopping/get-products-by-categoryId/656b8b0a9f3a2d134bee93a0 with method GET"}
{"level":"info","message":"Request received on /api/shopping/cart-details with method GET"}
{"level":"info","message":"Request received on /api/shopping/cart-details with method GET"}
{"level":"info","message":"Request received on /api/content/get-banners?heroBanners=true&page=home-sale-banners&section=web-homepage with method GET"}
{"level":"info","message":"Request received on /api/shopping/cart-details with method GET"}
{"level":"info","message":"Request received on /api/shopping/cart-details with method GET"}
{"level":"info","message":"Request received on /api/shopping/cart-details with method GET"}
{"level":"info","message":"Request received on /api/shopping/cart-details with method GET"}
{"level":"info","message":"Request received on /api/shopping/cart-details with method GET"}
{"level":"info","message":"Request received on /api/content/get-banners?heroBanners=true&page=home-sale-banners&section=web-homepage with method GET"}
{"level":"info","message":"Request received on /api/shopping/get-products-by-categoryId/656b8abe9f3a2d134bee9396 with method GET"}
{"level":"info","message":"Request received on /api/shopping/get-products-by-categoryId/656b8ad29f3a2d134bee9398 with method GET"}
{"level":"info","message":"Request received on /api/shopping/get-products-by-categoryId/656b8b0a9f3a2d134bee93a0 with method GET"}
{"level":"info","message":"Request received on /api/shopping/get-products-by-categoryId/656b8af29f3a2d134bee939c with method GET"}
{"level":"info","message":"Request received on /api/content/get-seo-by-page-user-side?page=home-page with method GET"}
{"level":"info","message":"Request received on /api/content/get-seo-by-page-user-side?page=home-page with method GET"}
{"level":"info","message":"Request received on /api/shopping/cart-details with method GET"}
{"level":"info","message":"Request received on /api/shopping/get-products-by-categoryId/656b8abe9f3a2d134bee9396 with method GET"}
{"level":"info","message":"Request received on /api/shopping/get-products-by-categoryId/656b8ad29f3a2d134bee9398 with method GET"}
{"level":"info","message":"Request received on /api/shopping/get-products-by-categoryId/656b8b0a9f3a2d134bee93a0 with method GET"}
{"level":"info","message":"Request received on /api/shopping/cart-details with method GET"}
{"level":"info","message":"Request received on /api/shopping/get-products-by-categoryId/656b8af29f3a2d134bee939c with method GET"}
{"level":"info","message":"Request received on /api/shopping/cart-details with method GET"}
{"level":"info","message":"Request received on /api/content/get-banners?heroBanners=true&page=home-sale-banners&section=web-homepage with method GET"}
{"level":"info","message":"Request received on /api/shopping/cart-details with method GET"}
{"level":"info","message":"Request received on /api/shopping/cart-details with method GET"}
{"level":"info","message":"Request received on /api/shopping/cart-details with method GET"}
{"level":"info","message":"Request received on /api/shopping/cart-details with method GET"}
{"level":"info","message":"Request received on /api/shopping/cart-details with method GET"}
{"level":"info","message":"Request received on /api/content/get-banners?heroBanners=true&page=home-sale-banners&section=web-homepage with method GET"}
{"level":"info","message":"Request received on /api/shopping/get-products-by-categoryId/656b8abe9f3a2d134bee9396 with method GET"}
{"level":"info","message":"Request received on /api/shopping/get-products-by-categoryId/656b8ad29f3a2d134bee9398 with method GET"}
{"level":"info","message":"Request received on /api/shopping/get-products-by-categoryId/656b8b0a9f3a2d134bee93a0 with method GET"}
{"level":"info","message":"Request received on /api/content/get-seo-by-page-user-side?page=home-page with method GET"}
{"level":"info","message":"Request received on /api/shopping/get-products-by-categoryId/656b8af29f3a2d134bee939c with method GET"}
{"level":"info","message":"Request received on /api/content/get-seo-by-page-user-side?page=home-page with method GET"}
{"level":"info","message":"Request received on /api/shopping/cart-details with method GET"}
{"level":"info","message":"Request received on /api/shopping/get-products-by-categoryId/656b8b0a9f3a2d134bee93a0 with method GET"}
{"level":"info","message":"Request received on /api/shopping/get-products-by-categoryId/656b8abe9f3a2d134bee9396 with method GET"}
{"level":"info","message":"Request received on /api/shopping/get-products-by-categoryId/656b8ad29f3a2d134bee9398 with method GET"}
{"level":"info","message":"Request received on /api/shopping/cart-details with method GET"}
{"level":"info","message":"Request received on /api/shopping/get-products-by-categoryId/656b8af29f3a2d134bee939c with method GET"}
{"level":"info","message":"Request received on /api/shopping/cart-details with method GET"}
{"level":"info","message":"Request received on /api/content/get-banners?heroBanners=true&page=home-sale-banners&section=web-homepage with method GET"}
{"level":"info","message":"Request received on /api/shopping/cart-details with method GET"}
{"level":"info","message":"Request received on /api/shopping/cart-details with method GET"}
{"level":"info","message":"Request received on /api/shopping/cart-details with method GET"}
{"level":"info","message":"Request received on /api/shopping/cart-details with method GET"}
{"level":"info","message":"Request received on /api/shopping/cart-details with method GET"}
{"level":"info","message":"Request received on /api/content/get-banners?heroBanners=true&page=home-sale-banners&section=web-homepage with method GET"}
{"level":"info","message":"Request received on /api/shopping/get-products-by-categoryId/656b8abe9f3a2d134bee9396 with method GET"}
{"level":"info","message":"Request received on /api/shopping/get-products-by-categoryId/656b8ad29f3a2d134bee9398 with method GET"}
{"level":"info","message":"Request received on /api/shopping/get-products-by-categoryId/656b8b0a9f3a2d134bee93a0 with method GET"}
{"level":"info","message":"Request received on /api/shopping/get-products-by-categoryId/656b8af29f3a2d134bee939c with method GET"}
{"level":"info","message":"Request received on /api/content/get-seo-by-page-user-side?page=home-page with method GET"}
{"level":"info","message":"Request received on /api/content/get-seo-by-page-user-side?page=home-page with method GET"}
{"level":"info","message":"Request received on /api/shopping/cart-details with method GET"}
{"level":"info","message":"Request received on /api/shopping/get-products-by-categoryId/656b8af29f3a2d134bee939c with method GET"}
{"level":"info","message":"Request received on /api/shopping/get-products-by-categoryId/656b8ad29f3a2d134bee9398 with method GET"}
{"level":"info","message":"Request received on /api/shopping/get-products-by-categoryId/656b8abe9f3a2d134bee9396 with method GET"}
{"level":"info","message":"Request received on /api/shopping/cart-details with method GET"}
{"level":"info","message":"Request received on /api/shopping/get-products-by-categoryId/656b8b0a9f3a2d134bee93a0 with method GET"}
{"level":"info","message":"Request received on /api/shopping/cart-details with method GET"}
{"level":"info","message":"Request received on /api/content/get-banners?heroBanners=true&page=home-sale-banners&section=web-homepage with method GET"}
{"level":"info","message":"Request received on /api/shopping/cart-details with method GET"}
{"level":"info","message":"Request received on /api/shopping/cart-details with method GET"}
{"level":"info","message":"Request received on /api/shopping/cart-details with method GET"}
{"level":"info","message":"Request received on /api/shopping/cart-details with method GET"}
